<html>
<head>
<title>TestNG:  register</title>
<link href="../testng.css" rel="stylesheet" type="text/css" />
<link href="../my-testng.css" rel="stylesheet" type="text/css" />

<style type="text/css">
.log { display: none;} 
.stack-trace { display: none;} 
</style>
<script type="text/javascript">
<!--
function flip(e) {
  current = e.style.display;
  if (current == 'block') {
    e.style.display = 'none';
    return 0;
  }
  else {
    e.style.display = 'block';
    return 1;
  }
}

function toggleBox(szDivId, elem, msg1, msg2)
{
  var res = -1;  if (document.getElementById) {
    res = flip(document.getElementById(szDivId));
  }
  else if (document.all) {
    // this is the way old msie versions work
    res = flip(document.all[szDivId]);
  }
  if(elem) {
    if(res == 0) elem.innerHTML = msg1; else elem.innerHTML = msg2;
  }

}

function toggleAllBoxes() {
  if (document.getElementsByTagName) {
    d = document.getElementsByTagName('div');
    for (i = 0; i < d.length; i++) {
      if (d[i].className == 'log') {
        flip(d[i]);
      }
    }
  }
}

// -->
</script>

</head>
<body>
<h2 align='center'>register</h2><table border='1' align="center">
<tr>
<td>Tests passed/Failed/Skipped:</td><td>0/1/0</td>
</tr><tr>
<td>Started on:</td><td>Fri Jun 24 11:37:01 CST 2016</td>
</tr>
<tr><td>Total time:</td><td>9 seconds (9392 ms)</td>
</tr><tr>
<td>Included groups:</td><td></td>
</tr><tr>
<td>Excluded groups:</td><td></td>
</tr>
</table><p/>
<small><i>(Hover the method name to see the test class name)</i></small><p/>
<table width='100%' border='1' class='invocation-failed'>
<tr><td colspan='4' align='center'><b>FAILED TESTS</b></td></tr>
<tr><td><b>Test method</b></td>
<td><b>Instance</b></td>
<td width="10%"><b>Time (seconds)</b></td>
<td width="30%"><b>Exception</b></td>
</tr>
<tr>
<td title='com.soul.cases.Register.register()'><b>register</b><br>Test class:register<br>Parameters: test, qwe123</td>
<td>com.soul.cases.Register@7be97a62</td><td>5</td>
<td><div><pre>org.openqa.selenium.TimeoutException: Timed out after 3 seconds waiting for com.soul.objects.BasePage$2@44d91f1f
Build info: version: '2.44.0', revision: '76d78cf323ce037c5f92db6c1bba601c2ac43ad8', time: '2014-10-23 13:11:40'
System info: host: 'HAPPY', ip: '192.168.56.1', os.name: 'Windows 8.1', os.arch: 'amd64', os.version: '6.3', java.version: '1.7.0_75'
Session ID: 9b1d3e54-cd64-4f6e-9ea4-989bf4576043
Driver info: org.openqa.selenium.firefox.FirefoxDriver
Capabilities [{platform=WINDOWS, acceptSslCerts=true, javascriptEnabled=true, cssSelectorsEnabled=true, databaseEnabled=true, browserName=firefox, handlesAlerts=true, nativeEvents=true, webStorageEnabled=true, rotatable=false, locationContextEnabled=true, applicationCacheEnabled=true, takesScreenshot=true, version=32.0.3}]
	at org.openqa.selenium.support.ui.WebDriverWait.timeoutException(WebDriverWait.java:79)
	at org.openqa.selenium.support.ui.FluentWait.until(FluentWait.java:228)
	at com.soul.objects.BasePage.findElement(BasePage.java:130)
	at com.soul.objects.BasePage.type(BasePage.java:88)
	at com.soul.objects.LoginPage.typeRegisterNameInputBox(LoginPage.java:65)
	at com.soul.cases.Register.register(Register.java:33)
... Removed 22 stack frames</pre></div><a href='#' onClick='toggleBox("stack-trace176836489", this, "Click to show all stack frames", "Click to hide stack frames")'>Click to show all stack frames</a>
<div class='stack-trace' id='stack-trace176836489'><pre>org.openqa.selenium.TimeoutException: Timed out after 3 seconds waiting for com.soul.objects.BasePage$2@44d91f1f
Build info: version: '2.44.0', revision: '76d78cf323ce037c5f92db6c1bba601c2ac43ad8', time: '2014-10-23 13:11:40'
System info: host: 'HAPPY', ip: '192.168.56.1', os.name: 'Windows 8.1', os.arch: 'amd64', os.version: '6.3', java.version: '1.7.0_75'
Session ID: 9b1d3e54-cd64-4f6e-9ea4-989bf4576043
Driver info: org.openqa.selenium.firefox.FirefoxDriver
Capabilities [{platform=WINDOWS, acceptSslCerts=true, javascriptEnabled=true, cssSelectorsEnabled=true, databaseEnabled=true, browserName=firefox, handlesAlerts=true, nativeEvents=true, webStorageEnabled=true, rotatable=false, locationContextEnabled=true, applicationCacheEnabled=true, takesScreenshot=true, version=32.0.3}]
	at org.openqa.selenium.support.ui.WebDriverWait.timeoutException(WebDriverWait.java:79)
	at org.openqa.selenium.support.ui.FluentWait.until(FluentWait.java:228)
	at com.soul.objects.BasePage.findElement(BasePage.java:130)
	at com.soul.objects.BasePage.type(BasePage.java:88)
	at com.soul.objects.LoginPage.typeRegisterNameInputBox(LoginPage.java:65)
	at com.soul.cases.Register.register(Register.java:33)
	at sun.reflect.NativeMethodAccessorImpl.invoke0(Native Method)
	at sun.reflect.NativeMethodAccessorImpl.invoke(NativeMethodAccessorImpl.java:57)
	at sun.reflect.DelegatingMethodAccessorImpl.invoke(DelegatingMethodAccessorImpl.java:43)
	at java.lang.reflect.Method.invoke(Method.java:606)
	at org.testng.internal.MethodHelper.invokeMethod(MethodHelper.java:643)
	at org.testng.internal.Invoker.invokeMethod(Invoker.java:559)
	at org.testng.internal.Invoker.invokeTestMethod(Invoker.java:723)
	at org.testng.internal.Invoker.invokeTestMethods(Invoker.java:1027)
	at org.testng.internal.TestMethodWorker.invokeTestMethods(TestMethodWorker.java:137)
	at org.testng.internal.TestMethodWorker.run(TestMethodWorker.java:121)
	at org.testng.TestRunner.runWorkers(TestRunner.java:953)
	at org.testng.TestRunner.privateRun(TestRunner.java:633)
	at org.testng.TestRunner.run(TestRunner.java:505)
	at org.testng.SuiteRunner.runTest(SuiteRunner.java:359)
	at org.testng.SuiteRunner.runSequentially(SuiteRunner.java:354)
	at org.testng.SuiteRunner.privateRun(SuiteRunner.java:316)
	at org.testng.SuiteRunner.run(SuiteRunner.java:195)
	at org.testng.TestNG.createAndRunSuiteRunners(TestNG.java:903)
	at org.testng.TestNG.runSuitesLocally(TestNG.java:872)
	at org.testng.TestNG.run(TestNG.java:780)
	at org.testng.remote.RemoteTestNG.run(RemoteTestNG.java:75)
	at org.testng.remote.RemoteTestNG.main(RemoteTestNG.java:127)
</pre></div></td>
</tr>
</table><p>
</body>
</html>